TN:
SF:C:\Users\Yuliia_Nechyporuk\shop\guitar-shop\src\polyfills.ts
FNF:0
FNH:0
LF:0
LH:0
BRF:0
BRH:0
end_of_record
TN:
SF:C:\Users\Yuliia_Nechyporuk\shop\guitar-shop\src\test.ts
FNF:0
FNH:0
DA:18,1
DA:23,1
DA:25,1
LF:3
LH:3
BRF:0
BRH:0
end_of_record
TN:
SF:C:\Users\Yuliia_Nechyporuk\shop\guitar-shop\src\app\app.component.ts
FN:14,(anonymous_0)
FN:18,(anonymous_1)
FN:22,(anonymous_2)
FNF:3
FNH:1
FNDA:1,(anonymous_0)
FNDA:0,(anonymous_1)
FNDA:0,(anonymous_2)
DA:12,1
DA:14,1
DA:15,1
DA:19,0
DA:23,0
DA:24,0
LF:6
LH:3
BRF:0
BRH:0
end_of_record
TN:
SF:C:\Users\Yuliia_Nechyporuk\shop\guitar-shop\src\app\cart\components\cart-item\cart-item.component.ts
FN:9,(anonymous_0)
FN:14,(anonymous_1)
FN:18,(anonymous_2)
FNF:3
FNH:2
FNDA:2,(anonymous_0)
FNDA:1,(anonymous_1)
FNDA:0,(anonymous_2)
DA:9,1
DA:10,1
DA:11,2
DA:12,2
DA:15,1
DA:19,0
LF:6
LH:5
BRF:0
BRH:0
end_of_record
TN:
SF:C:\Users\Yuliia_Nechyporuk\shop\guitar-shop\src\app\core\services\app-settings.service.ts
FN:22,(anonymous_0)
FN:24,(anonymous_1)
FN:30,(anonymous_2)
FN:33,(anonymous_3)
FNF:4
FNH:1
FNDA:1,(anonymous_0)
FNDA:0,(anonymous_1)
FNDA:0,(anonymous_2)
FNDA:0,(anonymous_3)
DA:12,1
DA:13,1
DA:14,1
DA:15,1
DA:22,1
DA:25,0
DA:27,0
DA:28,0
DA:31,0
DA:32,0
DA:33,0
LF:11
LH:5
BRDA:27,0,0,0
BRDA:27,0,1,0
BRF:2
BRH:0
end_of_record
TN:
SF:C:\Users\Yuliia_Nechyporuk\shop\guitar-shop\src\app\core\services\auth.service.ts
FN:6,(anonymous_0)
FN:9,(anonymous_1)
FN:13,(anonymous_2)
FNF:3
FNH:2
FNDA:2,(anonymous_0)
FNDA:1,(anonymous_1)
FNDA:0,(anonymous_2)
DA:6,1
DA:7,2
DA:10,1
DA:14,0
LF:4
LH:3
BRF:0
BRH:0
end_of_record
TN:
SF:C:\Users\Yuliia_Nechyporuk\shop\guitar-shop\src\app\core\services\local-storage.service.ts
FN:4,(anonymous_0)
FN:7,(anonymous_1)
FN:12,(anonymous_2)
FN:16,(anonymous_3)
FNF:4
FNH:1
FNDA:1,(anonymous_0)
FNDA:0,(anonymous_1)
FNDA:0,(anonymous_2)
FNDA:0,(anonymous_3)
DA:4,1
DA:5,1
DA:8,0
DA:9,0
DA:13,0
DA:17,0
DA:18,0
LF:7
LH:2
BRF:0
BRH:0
end_of_record
TN:
SF:C:\Users\Yuliia_Nechyporuk\shop\guitar-shop\src\app\shared\pipes\order-by.pipe.ts
FN:7,(anonymous_0)
FN:10,(anonymous_1)
FNF:2
FNH:2
FNDA:2,(anonymous_0)
FNDA:6,(anonymous_1)
DA:6,1
DA:8,2
DA:9,2
DA:10,2
DA:11,6
DA:17,2
LF:6
LH:6
BRDA:9,0,0,1
BRDA:9,0,1,1
BRDA:12,1,0,2
BRDA:12,1,1,4
BRDA:14,2,0,4
BRDA:14,2,1,0
BRDA:17,3,0,2
BRDA:17,3,1,0
BRF:8
BRH:6
end_of_record
